15:22:29.794 [main] INFO  testCases.TC_001_AccountRegistrationTest - Starting 
15:26:19.508 [main] INFO  testCases.TC_001_AccountRegistrationTest - *** Starting TC_001_AccountRegistrationTest ***
15:26:19.575 [main] INFO  testCases.TC_001_AccountRegistrationTest - Clicked on My account link
15:26:20.047 [main] INFO  testCases.TC_001_AccountRegistrationTest - Clicked on registration link
15:32:11.635 [main] INFO  testCases.TC_001_AccountRegistrationTest - *** Starting TC_001_AccountRegistrationTest ***
15:32:11.700 [main] INFO  testCases.TC_001_AccountRegistrationTest - Clicked on My account link
15:32:12.113 [main] INFO  testCases.TC_001_AccountRegistrationTest - Clicked on registration link
15:32:13.888 [main] INFO  testCases.TC_001_AccountRegistrationTest - *** Finished TC_001_AccountRegistrationTest ***
17:02:00.954 [main] INFO  testCases.TC_001_AccountRegistrationTest - *** Starting TC_001_AccountRegistrationTest ***
17:02:01.048 [main] INFO  testCases.TC_001_AccountRegistrationTest - Clicked on My account link
17:02:11.103 [main] ERROR testCases.TC_001_AccountRegistrationTest - test failed
17:03:05.639 [main] INFO  testCases.TC_001_AccountRegistrationTest - *** Starting TC_001_AccountRegistrationTest ***
17:03:05.727 [main] INFO  testCases.TC_001_AccountRegistrationTest - Clicked on My account link
17:03:06.260 [main] INFO  testCases.TC_001_AccountRegistrationTest - Clicked on registration link
17:03:08.174 [main] INFO  testCases.TC_001_AccountRegistrationTest - *** Finished TC_001_AccountRegistrationTest ***
17:15:56.290 [main] INFO  testCases.TC_001_AccountRegistrationTest - *** Starting TC_001_AccountRegistrationTest ***
17:15:56.387 [main] INFO  testCases.TC_001_AccountRegistrationTest - Clicked on My account link
17:15:56.828 [main] INFO  testCases.TC_001_AccountRegistrationTest - Clicked on registration link
17:15:58.633 [main] INFO  testCases.TC_001_AccountRegistrationTest - *** Finished TC_001_AccountRegistrationTest ***
17:16:19.197 [main] INFO  testCases.TC_001_AccountRegistrationTest - *** Starting TC_001_AccountRegistrationTest ***
17:16:19.257 [main] INFO  testCases.TC_001_AccountRegistrationTest - Clicked on My account link
17:16:19.595 [main] INFO  testCases.TC_001_AccountRegistrationTest - Clicked on registration link
17:16:21.318 [main] INFO  testCases.TC_001_AccountRegistrationTest - *** Finished TC_001_AccountRegistrationTest ***
17:22:22.368 [TestNG-tests-1] INFO  testCases.TC_001_AccountRegistrationTest - *** Starting TC_001_AccountRegistrationTest ***
17:22:22.510 [TestNG-tests-1] INFO  testCases.TC_001_AccountRegistrationTest - Clicked on My account link
17:22:23.138 [TestNG-tests-1] INFO  testCases.TC_001_AccountRegistrationTest - Clicked on registration link
17:22:23.587 [TestNG-tests-2] INFO  testCases.TC_001_AccountRegistrationTest - *** Starting TC_001_AccountRegistrationTest ***
17:22:23.655 [TestNG-tests-2] INFO  testCases.TC_001_AccountRegistrationTest - Clicked on My account link
17:22:24.110 [TestNG-tests-2] INFO  testCases.TC_001_AccountRegistrationTest - Clicked on registration link
17:22:25.058 [TestNG-tests-1] INFO  testCases.TC_001_AccountRegistrationTest - *** Finished TC_001_AccountRegistrationTest ***
17:22:25.884 [TestNG-tests-2] INFO  testCases.TC_001_AccountRegistrationTest - *** Finished TC_001_AccountRegistrationTest ***
17:23:19.992 [TestNG-tests-2] INFO  testCases.TC_001_AccountRegistrationTest - *** Starting TC_001_AccountRegistrationTest ***
17:23:20.058 [TestNG-tests-1] INFO  testCases.TC_001_AccountRegistrationTest - *** Starting TC_001_AccountRegistrationTest ***
17:23:20.076 [TestNG-tests-2] INFO  testCases.TC_001_AccountRegistrationTest - Clicked on My account link
17:23:20.138 [TestNG-tests-1] INFO  testCases.TC_001_AccountRegistrationTest - Clicked on My account link
17:23:20.468 [TestNG-tests-2] INFO  testCases.TC_001_AccountRegistrationTest - Clicked on registration link
17:23:20.567 [TestNG-tests-1] INFO  testCases.TC_001_AccountRegistrationTest - Clicked on registration link
17:23:22.273 [TestNG-tests-2] INFO  testCases.TC_001_AccountRegistrationTest - *** Finished TC_001_AccountRegistrationTest ***
17:23:22.371 [TestNG-tests-1] INFO  testCases.TC_001_AccountRegistrationTest - *** Finished TC_001_AccountRegistrationTest ***
08:02:23.277 [TestNG-tests-1] INFO  testCases.TC_001_AccountRegistrationTest - *** Starting TC_001_AccountRegistrationTest ***
08:02:23.277 [TestNG-tests-2] INFO  testCases.TC_001_AccountRegistrationTest - *** Starting TC_001_AccountRegistrationTest ***
08:02:23.385 [TestNG-tests-2] INFO  testCases.TC_001_AccountRegistrationTest - Clicked on My account link
08:02:23.389 [TestNG-tests-1] INFO  testCases.TC_001_AccountRegistrationTest - Clicked on My account link
08:02:23.883 [TestNG-tests-1] INFO  testCases.TC_001_AccountRegistrationTest - Clicked on registration link
08:02:23.890 [TestNG-tests-2] INFO  testCases.TC_001_AccountRegistrationTest - Clicked on registration link
08:02:25.824 [TestNG-tests-2] INFO  testCases.TC_001_AccountRegistrationTest - *** Finished TC_001_AccountRegistrationTest ***
08:02:25.826 [TestNG-tests-1] INFO  testCases.TC_001_AccountRegistrationTest - *** Finished TC_001_AccountRegistrationTest ***
08:17:50.593 [TestNG-tests-2] INFO  testCases.TC_001_AccountRegistrationTest - *** Starting TC_001_AccountRegistrationTest ***
08:17:50.677 [TestNG-tests-2] INFO  testCases.TC_001_AccountRegistrationTest - Clicked on My account link
08:17:51.211 [TestNG-tests-2] INFO  testCases.TC_001_AccountRegistrationTest - Clicked on registration link
08:17:53.137 [TestNG-tests-1] INFO  testCases.TC_001_AccountRegistrationTest - *** Starting TC_001_AccountRegistrationTest ***
08:17:53.200 [TestNG-tests-1] INFO  testCases.TC_001_AccountRegistrationTest - Clicked on My account link
08:17:53.236 [TestNG-tests-2] INFO  testCases.TC_001_AccountRegistrationTest - *** Finished TC_001_AccountRegistrationTest ***
08:17:53.640 [TestNG-tests-1] INFO  testCases.TC_001_AccountRegistrationTest - Clicked on registration link
08:17:55.397 [TestNG-tests-1] INFO  testCases.TC_001_AccountRegistrationTest - *** Finished TC_001_AccountRegistrationTest ***
08:46:56.085 [main] INFO  testCases.TC_001_AccountRegistrationTest - *** Starting TC_001_AccountRegistrationTest ***
08:46:56.177 [main] INFO  testCases.TC_001_AccountRegistrationTest - Clicked on My account link
08:46:56.673 [main] INFO  testCases.TC_001_AccountRegistrationTest - Clicked on registration link
08:46:58.515 [main] INFO  testCases.TC_001_AccountRegistrationTest - *** Finished TC_001_AccountRegistrationTest ***
08:49:04.059 [main] INFO  testCases.TC_001_AccountRegistrationTest - *** Starting TC_001_AccountRegistrationTest ***
08:49:04.137 [main] INFO  testCases.TC_001_AccountRegistrationTest - Clicked on My account link
08:49:04.547 [main] INFO  testCases.TC_001_AccountRegistrationTest - Clicked on registration link
08:55:22.803 [main] INFO  testCases.TC_001_AccountRegistrationTest - *** Starting TC_001_AccountRegistrationTest ***
08:55:22.884 [main] INFO  testCases.TC_001_AccountRegistrationTest - Clicked on My account link
08:55:23.367 [main] INFO  testCases.TC_001_AccountRegistrationTest - Clicked on registration link
10:57:00.145 [main] INFO  testCases.TC_002_LoginTest - **** Starting TC_002_LoginTest ****
10:57:00.213 [main] INFO  testCases.TC_002_LoginTest - Clicked on My Account
10:57:00.641 [main] INFO  testCases.TC_002_LoginTest - Clicked on Login link
10:57:00.648 [main] INFO  testCases.TC_002_LoginTest - Providing logging details
11:00:09.720 [main] INFO  testCases.TC_002_LoginTest - **** Starting TC_002_LoginTest ****
11:00:09.777 [main] INFO  testCases.TC_002_LoginTest - Clicked on My Account
11:00:10.050 [main] INFO  testCases.TC_002_LoginTest - Clicked on Login link
11:00:10.057 [main] INFO  testCases.TC_002_LoginTest - Providing logging details
11:00:10.404 [main] INFO  testCases.TC_002_LoginTest - Clicked on Login button
11:00:34.576 [main] INFO  testCases.TC_002_LoginTest - **** Starting TC_002_LoginTest ****
11:00:34.637 [main] INFO  testCases.TC_002_LoginTest - Clicked on My Account
11:00:34.953 [main] INFO  testCases.TC_002_LoginTest - Clicked on Login link
11:00:34.955 [main] INFO  testCases.TC_002_LoginTest - Providing logging details
11:00:35.307 [main] INFO  testCases.TC_002_LoginTest - Clicked on Login button
11:01:37.905 [main] INFO  testCases.TC_002_LoginTest - **** Starting TC_002_LoginTest ****
11:01:37.962 [main] INFO  testCases.TC_002_LoginTest - Clicked on My Account
11:01:58.553 [main] INFO  testCases.TC_002_LoginTest - **** Starting TC_002_LoginTest ****
11:01:58.624 [main] INFO  testCases.TC_002_LoginTest - Clicked on My Account
11:01:58.969 [main] INFO  testCases.TC_002_LoginTest - Clicked on Login link
11:01:58.969 [main] INFO  testCases.TC_002_LoginTest - Providing logging details
11:02:01.352 [main] INFO  testCases.TC_002_LoginTest - Clicked on Login button
11:02:49.857 [main] INFO  testCases.TC_002_LoginTest - **** Starting TC_002_LoginTest ****
11:02:49.922 [main] INFO  testCases.TC_002_LoginTest - Clicked on My Account
11:02:50.347 [main] INFO  testCases.TC_002_LoginTest - Clicked on Login link
11:02:50.347 [main] INFO  testCases.TC_002_LoginTest - Providing logging details
11:02:52.716 [main] INFO  testCases.TC_002_LoginTest - Clicked on Login button
11:05:15.605 [main] INFO  testCases.TC_002_LoginTest - **** Starting TC_002_LoginTest ****
11:05:15.674 [main] INFO  testCases.TC_002_LoginTest - Clicked on My Account
11:05:16.021 [main] INFO  testCases.TC_002_LoginTest - Clicked on Login link
11:05:16.027 [main] INFO  testCases.TC_002_LoginTest - Providing logging details
11:05:18.172 [main] INFO  testCases.TC_002_LoginTest - Clicked on Login button
11:05:18.669 [main] INFO  testCases.TC_002_LoginTest - **** Finished TC_002_LoginTest ****
12:30:10.873 [main] INFO  testCases.TC_003_LoginDataDrivenTest -  Starting TC_003_LoginDataDrivenTest 
12:30:12.029 [main] INFO  testCases.TC_003_LoginDataDrivenTest -  Finished TC_003_LoginDataDrivenTest
12:30:12.036 [main] INFO  testCases.TC_003_LoginDataDrivenTest -  Starting TC_003_LoginDataDrivenTest 
12:30:22.234 [main] INFO  testCases.TC_003_LoginDataDrivenTest -  Starting TC_003_LoginDataDrivenTest 
12:30:32.426 [main] INFO  testCases.TC_003_LoginDataDrivenTest -  Starting TC_003_LoginDataDrivenTest 
12:30:42.623 [main] INFO  testCases.TC_003_LoginDataDrivenTest -  Starting TC_003_LoginDataDrivenTest 
12:32:59.852 [main] INFO  testCases.TC_003_LoginDataDrivenTest -  Starting TC_003_LoginDataDrivenTest 
12:33:10.432 [main] INFO  testCases.TC_003_LoginDataDrivenTest -  Finished TC_003_LoginDataDrivenTest
12:33:10.442 [main] INFO  testCases.TC_003_LoginDataDrivenTest -  Starting TC_003_LoginDataDrivenTest 
12:33:11.636 [main] INFO  testCases.TC_003_LoginDataDrivenTest -  Starting TC_003_LoginDataDrivenTest 
12:33:23.899 [main] INFO  testCases.TC_003_LoginDataDrivenTest -  Finished TC_003_LoginDataDrivenTest
12:33:23.901 [main] INFO  testCases.TC_003_LoginDataDrivenTest -  Starting TC_003_LoginDataDrivenTest 
12:33:34.390 [main] INFO  testCases.TC_003_LoginDataDrivenTest -  Finished TC_003_LoginDataDrivenTest
12:33:34.392 [main] INFO  testCases.TC_003_LoginDataDrivenTest -  Starting TC_003_LoginDataDrivenTest 
12:33:35.643 [main] INFO  testCases.TC_003_LoginDataDrivenTest -  Finished TC_003_LoginDataDrivenTest
12:35:06.408 [main] INFO  testCases.TC_003_LoginDataDrivenTest -  Starting TC_003_LoginDataDrivenTest 
12:35:07.368 [main] INFO  testCases.TC_003_LoginDataDrivenTest -  Finished TC_003_LoginDataDrivenTest
12:35:07.375 [main] INFO  testCases.TC_003_LoginDataDrivenTest -  Starting TC_003_LoginDataDrivenTest 
12:35:17.543 [main] INFO  testCases.TC_003_LoginDataDrivenTest -  Starting TC_003_LoginDataDrivenTest 
12:35:27.724 [main] INFO  testCases.TC_003_LoginDataDrivenTest -  Starting TC_003_LoginDataDrivenTest 
12:35:37.904 [main] INFO  testCases.TC_003_LoginDataDrivenTest -  Starting TC_003_LoginDataDrivenTest 
12:36:07.932 [main] INFO  testCases.TC_003_LoginDataDrivenTest -  Starting TC_003_LoginDataDrivenTest 
12:36:08.879 [main] INFO  testCases.TC_003_LoginDataDrivenTest -  Finished TC_003_LoginDataDrivenTest
12:36:08.887 [main] INFO  testCases.TC_003_LoginDataDrivenTest -  Starting TC_003_LoginDataDrivenTest 
12:36:19.064 [main] INFO  testCases.TC_003_LoginDataDrivenTest -  Starting TC_003_LoginDataDrivenTest 
12:36:29.224 [main] INFO  testCases.TC_003_LoginDataDrivenTest -  Starting TC_003_LoginDataDrivenTest 
12:36:39.476 [main] INFO  testCases.TC_003_LoginDataDrivenTest -  Starting TC_003_LoginDataDrivenTest 
12:41:25.989 [main] INFO  testCases.TC_003_LoginDataDrivenTest -  Starting TC_003_LoginDataDrivenTest 
12:41:26.958 [main] INFO  testCases.TC_003_LoginDataDrivenTest -  Finished TC_003_LoginDataDrivenTest
12:41:26.965 [main] INFO  testCases.TC_003_LoginDataDrivenTest -  Starting TC_003_LoginDataDrivenTest 
12:41:37.185 [main] INFO  testCases.TC_003_LoginDataDrivenTest -  Starting TC_003_LoginDataDrivenTest 
12:41:47.350 [main] INFO  testCases.TC_003_LoginDataDrivenTest -  Starting TC_003_LoginDataDrivenTest 
12:41:57.567 [main] INFO  testCases.TC_003_LoginDataDrivenTest -  Starting TC_003_LoginDataDrivenTest 
12:42:23.754 [main] INFO  testCases.TC_003_LoginDataDrivenTest -  Starting TC_003_LoginDataDrivenTest 
12:42:24.670 [main] INFO  testCases.TC_003_LoginDataDrivenTest -  Finished TC_003_LoginDataDrivenTest
12:42:24.678 [main] INFO  testCases.TC_003_LoginDataDrivenTest -  Starting TC_003_LoginDataDrivenTest 
12:42:34.828 [main] INFO  testCases.TC_003_LoginDataDrivenTest -  Starting TC_003_LoginDataDrivenTest 
12:42:44.970 [main] INFO  testCases.TC_003_LoginDataDrivenTest -  Starting TC_003_LoginDataDrivenTest 
12:42:55.171 [main] INFO  testCases.TC_003_LoginDataDrivenTest -  Starting TC_003_LoginDataDrivenTest 
12:47:39.023 [main] INFO  testCases.TC_003_LoginDataDrivenTest -  Starting TC_003_LoginDataDrivenTest 
12:47:39.990 [main] INFO  testCases.TC_003_LoginDataDrivenTest -  Finished TC_003_LoginDataDrivenTest
12:47:39.999 [main] INFO  testCases.TC_003_LoginDataDrivenTest -  Starting TC_003_LoginDataDrivenTest 
12:47:50.177 [main] INFO  testCases.TC_003_LoginDataDrivenTest -  Starting TC_003_LoginDataDrivenTest 
12:48:00.395 [main] INFO  testCases.TC_003_LoginDataDrivenTest -  Starting TC_003_LoginDataDrivenTest 
12:48:10.579 [main] INFO  testCases.TC_003_LoginDataDrivenTest -  Starting TC_003_LoginDataDrivenTest 
12:49:34.137 [main] INFO  testCases.TC_003_LoginDataDrivenTest -  Starting TC_003_LoginDataDrivenTest 
12:49:35.172 [main] INFO  testCases.TC_003_LoginDataDrivenTest -  Finished TC_003_LoginDataDrivenTest
12:49:35.178 [main] INFO  testCases.TC_003_LoginDataDrivenTest -  Starting TC_003_LoginDataDrivenTest 
12:49:45.365 [main] INFO  testCases.TC_003_LoginDataDrivenTest -  Starting TC_003_LoginDataDrivenTest 
12:49:55.525 [main] INFO  testCases.TC_003_LoginDataDrivenTest -  Starting TC_003_LoginDataDrivenTest 
12:50:05.702 [main] INFO  testCases.TC_003_LoginDataDrivenTest -  Starting TC_003_LoginDataDrivenTest 
12:51:23.697 [main] INFO  testCases.TC_003_LoginDataDrivenTest -  Starting TC_003_LoginDataDrivenTest 
12:51:24.778 [main] INFO  testCases.TC_003_LoginDataDrivenTest -  Finished TC_003_LoginDataDrivenTest
12:51:24.784 [main] INFO  testCases.TC_003_LoginDataDrivenTest -  Starting TC_003_LoginDataDrivenTest 
12:51:34.999 [main] INFO  testCases.TC_003_LoginDataDrivenTest -  Starting TC_003_LoginDataDrivenTest 
12:51:45.157 [main] INFO  testCases.TC_003_LoginDataDrivenTest -  Starting TC_003_LoginDataDrivenTest 
12:51:55.380 [main] INFO  testCases.TC_003_LoginDataDrivenTest -  Starting TC_003_LoginDataDrivenTest 
12:54:38.686 [main] INFO  testCases.TC_003_LoginDataDrivenTest -  Starting TC_003_LoginDataDrivenTest 
12:54:39.594 [main] INFO  testCases.TC_003_LoginDataDrivenTest -  Finished TC_003_LoginDataDrivenTest
12:54:39.600 [main] INFO  testCases.TC_003_LoginDataDrivenTest -  Starting TC_003_LoginDataDrivenTest 
12:54:49.788 [main] INFO  testCases.TC_003_LoginDataDrivenTest -  Starting TC_003_LoginDataDrivenTest 
12:54:59.968 [main] INFO  testCases.TC_003_LoginDataDrivenTest -  Starting TC_003_LoginDataDrivenTest 
12:55:10.131 [main] INFO  testCases.TC_003_LoginDataDrivenTest -  Starting TC_003_LoginDataDrivenTest 
12:55:41.703 [main] INFO  testCases.TC_003_LoginDataDrivenTest -  Starting TC_003_LoginDataDrivenTest 
12:56:39.137 [main] INFO  testCases.TC_003_LoginDataDrivenTest -  Finished TC_003_LoginDataDrivenTest
12:56:39.149 [main] INFO  testCases.TC_003_LoginDataDrivenTest -  Starting TC_003_LoginDataDrivenTest 
12:56:47.689 [main] INFO  testCases.TC_003_LoginDataDrivenTest -  Starting TC_003_LoginDataDrivenTest 
12:56:49.009 [main] INFO  testCases.TC_003_LoginDataDrivenTest -  Finished TC_003_LoginDataDrivenTest
12:56:49.015 [main] INFO  testCases.TC_003_LoginDataDrivenTest -  Starting TC_003_LoginDataDrivenTest 
12:56:50.130 [main] INFO  testCases.TC_003_LoginDataDrivenTest -  Finished TC_003_LoginDataDrivenTest
12:56:50.130 [main] INFO  testCases.TC_003_LoginDataDrivenTest -  Starting TC_003_LoginDataDrivenTest 
12:56:51.233 [main] INFO  testCases.TC_003_LoginDataDrivenTest -  Finished TC_003_LoginDataDrivenTest
12:56:51.234 [main] INFO  testCases.TC_003_LoginDataDrivenTest -  Starting TC_003_LoginDataDrivenTest 
12:56:52.323 [main] INFO  testCases.TC_003_LoginDataDrivenTest -  Finished TC_003_LoginDataDrivenTest
12:56:52.324 [main] INFO  testCases.TC_003_LoginDataDrivenTest -  Starting TC_003_LoginDataDrivenTest 
12:56:53.435 [main] INFO  testCases.TC_003_LoginDataDrivenTest -  Finished TC_003_LoginDataDrivenTest
12:58:23.616 [main] INFO  testCases.TC_003_LoginDataDrivenTest -  Starting TC_003_LoginDataDrivenTest 
12:58:24.949 [main] INFO  testCases.TC_003_LoginDataDrivenTest -  Finished TC_003_LoginDataDrivenTest
12:58:24.957 [main] INFO  testCases.TC_003_LoginDataDrivenTest -  Starting TC_003_LoginDataDrivenTest 
12:58:35.404 [main] INFO  testCases.TC_003_LoginDataDrivenTest -  Finished TC_003_LoginDataDrivenTest
12:58:35.405 [main] INFO  testCases.TC_003_LoginDataDrivenTest -  Starting TC_003_LoginDataDrivenTest 
12:58:45.873 [main] INFO  testCases.TC_003_LoginDataDrivenTest -  Finished TC_003_LoginDataDrivenTest
12:58:45.875 [main] INFO  testCases.TC_003_LoginDataDrivenTest -  Starting TC_003_LoginDataDrivenTest 
12:58:56.424 [main] INFO  testCases.TC_003_LoginDataDrivenTest -  Finished TC_003_LoginDataDrivenTest
12:58:56.425 [main] INFO  testCases.TC_003_LoginDataDrivenTest -  Starting TC_003_LoginDataDrivenTest 
12:58:57.525 [main] INFO  testCases.TC_003_LoginDataDrivenTest -  Finished TC_003_LoginDataDrivenTest
12:59:45.684 [main] INFO  testCases.TC_003_LoginDataDrivenTest -  Starting TC_003_LoginDataDrivenTest 
12:59:47.005 [main] INFO  testCases.TC_003_LoginDataDrivenTest -  Finished TC_003_LoginDataDrivenTest
12:59:47.014 [main] INFO  testCases.TC_003_LoginDataDrivenTest -  Starting TC_003_LoginDataDrivenTest 
12:59:57.554 [main] INFO  testCases.TC_003_LoginDataDrivenTest -  Finished TC_003_LoginDataDrivenTest
12:59:57.555 [main] INFO  testCases.TC_003_LoginDataDrivenTest -  Starting TC_003_LoginDataDrivenTest 
13:00:08.047 [main] INFO  testCases.TC_003_LoginDataDrivenTest -  Finished TC_003_LoginDataDrivenTest
13:00:08.047 [main] INFO  testCases.TC_003_LoginDataDrivenTest -  Starting TC_003_LoginDataDrivenTest 
13:00:18.553 [main] INFO  testCases.TC_003_LoginDataDrivenTest -  Finished TC_003_LoginDataDrivenTest
13:00:18.554 [main] INFO  testCases.TC_003_LoginDataDrivenTest -  Starting TC_003_LoginDataDrivenTest 
13:00:19.687 [main] INFO  testCases.TC_003_LoginDataDrivenTest -  Finished TC_003_LoginDataDrivenTest
13:20:49.330 [main] INFO  testCases.TC_001_AccountRegistrationTest - *** Starting TC_001_AccountRegistrationTest ***
13:20:49.389 [main] INFO  testCases.TC_001_AccountRegistrationTest - Clicked on My account link
13:20:49.880 [main] INFO  testCases.TC_001_AccountRegistrationTest - Clicked on registration link
13:21:03.499 [main] INFO  testCases.TC_002_LoginTest - **** Starting TC_002_LoginTest ****
13:21:03.551 [main] INFO  testCases.TC_002_LoginTest - Clicked on My Account
13:21:03.885 [main] INFO  testCases.TC_002_LoginTest - Clicked on Login link
13:21:03.886 [main] INFO  testCases.TC_002_LoginTest - Providing logging details
13:21:06.038 [main] INFO  testCases.TC_002_LoginTest - Clicked on Login button
13:21:06.512 [main] INFO  testCases.TC_002_LoginTest - **** Finished TC_002_LoginTest ****
13:21:19.815 [main] INFO  testCases.TC_001_AccountRegistrationTest - *** Starting TC_001_AccountRegistrationTest ***
13:21:19.881 [main] INFO  testCases.TC_001_AccountRegistrationTest - Clicked on My account link
13:21:20.197 [main] INFO  testCases.TC_001_AccountRegistrationTest - Clicked on registration link
13:21:33.842 [main] INFO  testCases.TC_002_LoginTest - **** Starting TC_002_LoginTest ****
13:21:33.890 [main] INFO  testCases.TC_002_LoginTest - Clicked on My Account
13:21:34.210 [main] INFO  testCases.TC_002_LoginTest - Clicked on Login link
13:21:34.211 [main] INFO  testCases.TC_002_LoginTest - Providing logging details
13:21:36.363 [main] INFO  testCases.TC_002_LoginTest - Clicked on Login button
13:21:36.767 [main] INFO  testCases.TC_002_LoginTest - **** Finished TC_002_LoginTest ****
13:27:20.404 [main] INFO  testCases.TC_001_AccountRegistrationTest - *** Starting TC_001_AccountRegistrationTest ***
13:27:20.478 [main] INFO  testCases.TC_001_AccountRegistrationTest - Clicked on My account link
13:27:20.826 [main] INFO  testCases.TC_001_AccountRegistrationTest - Clicked on registration link
13:27:34.590 [main] INFO  testCases.TC_002_LoginTest - **** Starting TC_002_LoginTest ****
13:27:34.641 [main] INFO  testCases.TC_002_LoginTest - Clicked on My Account
13:27:34.960 [main] INFO  testCases.TC_002_LoginTest - Clicked on Login link
13:27:34.961 [main] INFO  testCases.TC_002_LoginTest - Providing logging details
13:27:37.107 [main] INFO  testCases.TC_002_LoginTest - Clicked on Login button
13:27:37.537 [main] INFO  testCases.TC_002_LoginTest - **** Finished TC_002_LoginTest ****
13:28:47.736 [main] INFO  testCases.TC_001_AccountRegistrationTest - *** Starting TC_001_AccountRegistrationTest ***
13:28:47.821 [main] INFO  testCases.TC_001_AccountRegistrationTest - Clicked on My account link
13:28:48.129 [main] INFO  testCases.TC_001_AccountRegistrationTest - Clicked on registration link
13:29:01.809 [main] INFO  testCases.TC_002_LoginTest - **** Starting TC_002_LoginTest ****
13:29:01.859 [main] INFO  testCases.TC_002_LoginTest - Clicked on My Account
13:29:02.160 [main] INFO  testCases.TC_002_LoginTest - Clicked on Login link
13:29:02.161 [main] INFO  testCases.TC_002_LoginTest - Providing logging details
13:29:04.313 [main] INFO  testCases.TC_002_LoginTest - Clicked on Login button
13:29:04.700 [main] INFO  testCases.TC_002_LoginTest - **** Finished TC_002_LoginTest ****
13:29:57.967 [main] INFO  testCases.TC_001_AccountRegistrationTest - *** Starting TC_001_AccountRegistrationTest ***
13:29:58.049 [main] INFO  testCases.TC_001_AccountRegistrationTest - Clicked on My account link
13:29:58.417 [main] INFO  testCases.TC_001_AccountRegistrationTest - Clicked on registration link
13:30:00.210 [main] INFO  testCases.TC_001_AccountRegistrationTest - *** Finished TC_001_AccountRegistrationTest ***
13:30:02.517 [main] INFO  testCases.TC_002_LoginTest - **** Starting TC_002_LoginTest ****
13:30:02.565 [main] INFO  testCases.TC_002_LoginTest - Clicked on My Account
13:30:02.844 [main] INFO  testCases.TC_002_LoginTest - Clicked on Login link
13:30:02.846 [main] INFO  testCases.TC_002_LoginTest - Providing logging details
13:30:04.986 [main] INFO  testCases.TC_002_LoginTest - Clicked on Login button
13:30:05.362 [main] INFO  testCases.TC_002_LoginTest - **** Finished TC_002_LoginTest ****
13:30:30.315 [main] INFO  testCases.TC_002_LoginTest - **** Starting TC_002_LoginTest ****
13:30:30.377 [main] INFO  testCases.TC_002_LoginTest - Clicked on My Account
13:30:30.732 [main] INFO  testCases.TC_002_LoginTest - Clicked on Login link
13:30:30.733 [main] INFO  testCases.TC_002_LoginTest - Providing logging details
13:30:32.885 [main] INFO  testCases.TC_002_LoginTest - Clicked on Login button
13:30:33.291 [main] INFO  testCases.TC_002_LoginTest - **** Finished TC_002_LoginTest ****
15:45:22.173 [main] INFO  testCases.TC_003_LoginDataDrivenTest -  Starting TC_003_LoginDataDrivenTest 
15:45:23.698 [main] INFO  testCases.TC_003_LoginDataDrivenTest -  Finished TC_003_LoginDataDrivenTest
15:45:23.706 [main] INFO  testCases.TC_003_LoginDataDrivenTest -  Starting TC_003_LoginDataDrivenTest 
15:45:34.229 [main] INFO  testCases.TC_003_LoginDataDrivenTest -  Finished TC_003_LoginDataDrivenTest
15:45:34.230 [main] INFO  testCases.TC_003_LoginDataDrivenTest -  Starting TC_003_LoginDataDrivenTest 
15:45:44.696 [main] INFO  testCases.TC_003_LoginDataDrivenTest -  Finished TC_003_LoginDataDrivenTest
15:45:44.698 [main] INFO  testCases.TC_003_LoginDataDrivenTest -  Starting TC_003_LoginDataDrivenTest 
15:45:55.250 [main] INFO  testCases.TC_003_LoginDataDrivenTest -  Finished TC_003_LoginDataDrivenTest
15:45:55.251 [main] INFO  testCases.TC_003_LoginDataDrivenTest -  Starting TC_003_LoginDataDrivenTest 
15:45:56.400 [main] INFO  testCases.TC_003_LoginDataDrivenTest -  Finished TC_003_LoginDataDrivenTest
15:49:19.488 [main] INFO  testCases.TC_001_AccountRegistrationTest - *** Starting TC_001_AccountRegistrationTest ***
15:49:19.574 [main] INFO  testCases.TC_001_AccountRegistrationTest - Clicked on My account link
15:49:19.933 [main] INFO  testCases.TC_001_AccountRegistrationTest - Clicked on registration link
15:49:21.703 [main] INFO  testCases.TC_001_AccountRegistrationTest - *** Finished TC_001_AccountRegistrationTest ***
15:49:23.999 [main] INFO  testCases.TC_002_LoginTest - **** Starting TC_002_LoginTest ****
15:49:24.056 [main] INFO  testCases.TC_002_LoginTest - Clicked on My Account
15:49:24.384 [main] INFO  testCases.TC_002_LoginTest - Clicked on Login link
15:49:24.385 [main] INFO  testCases.TC_002_LoginTest - Providing logging details
15:52:19.270 [main] INFO  testCases.TC_001_AccountRegistrationTest - *** Starting TC_001_AccountRegistrationTest ***
15:52:19.334 [main] INFO  testCases.TC_001_AccountRegistrationTest - Clicked on My account link
15:52:19.764 [main] INFO  testCases.TC_001_AccountRegistrationTest - Clicked on registration link
15:52:21.590 [main] INFO  testCases.TC_001_AccountRegistrationTest - *** Finished TC_001_AccountRegistrationTest ***
15:52:23.879 [main] INFO  testCases.TC_002_LoginTest - **** Starting TC_002_LoginTest ****
15:52:23.922 [main] INFO  testCases.TC_002_LoginTest - Clicked on My Account
15:52:24.343 [main] INFO  testCases.TC_002_LoginTest - Clicked on Login link
15:52:24.344 [main] INFO  testCases.TC_002_LoginTest - Providing logging details
15:52:26.479 [main] INFO  testCases.TC_002_LoginTest - Clicked on Login button
15:52:26.933 [main] INFO  testCases.TC_002_LoginTest - **** Finished TC_002_LoginTest ****
15:56:37.846 [main] INFO  testCases.TC_001_AccountRegistrationTest - *** Starting TC_001_AccountRegistrationTest ***
15:56:37.910 [main] INFO  testCases.TC_001_AccountRegistrationTest - Clicked on My account link
15:56:38.227 [main] INFO  testCases.TC_001_AccountRegistrationTest - Clicked on registration link
15:56:39.963 [main] INFO  testCases.TC_001_AccountRegistrationTest - *** Finished TC_001_AccountRegistrationTest ***
15:56:42.268 [main] INFO  testCases.TC_002_LoginTest - **** Starting TC_002_LoginTest ****
15:56:42.311 [main] INFO  testCases.TC_002_LoginTest - Clicked on My Account
15:56:42.654 [main] INFO  testCases.TC_002_LoginTest - Clicked on Login link
15:56:42.655 [main] INFO  testCases.TC_002_LoginTest - Providing logging details
15:56:44.791 [main] INFO  testCases.TC_002_LoginTest - Clicked on Login button
15:56:45.222 [main] INFO  testCases.TC_002_LoginTest - **** Finished TC_002_LoginTest ****
16:04:35.264 [main] INFO  testCases.TC_002_LoginTest - **** Starting TC_002_LoginTest ****
16:04:35.331 [main] INFO  testCases.TC_002_LoginTest - Clicked on My Account
16:04:35.679 [main] INFO  testCases.TC_002_LoginTest - Clicked on Login link
16:04:35.680 [main] INFO  testCases.TC_002_LoginTest - Providing logging details
16:04:37.829 [main] INFO  testCases.TC_002_LoginTest - Clicked on Login button
16:04:38.213 [main] INFO  testCases.TC_002_LoginTest - **** Finished TC_002_LoginTest ****
16:04:57.828 [main] INFO  testCases.TC_001_AccountRegistrationTest - *** Starting TC_001_AccountRegistrationTest ***
16:04:57.886 [main] INFO  testCases.TC_001_AccountRegistrationTest - Clicked on My account link
16:04:58.268 [main] INFO  testCases.TC_001_AccountRegistrationTest - Clicked on registration link
16:04:59.978 [main] INFO  testCases.TC_001_AccountRegistrationTest - *** Finished TC_001_AccountRegistrationTest ***
16:05:02.209 [main] INFO  testCases.TC_002_LoginTest - **** Starting TC_002_LoginTest ****
16:05:02.252 [main] INFO  testCases.TC_002_LoginTest - Clicked on My Account
16:05:02.560 [main] INFO  testCases.TC_002_LoginTest - Clicked on Login link
16:05:02.561 [main] INFO  testCases.TC_002_LoginTest - Providing logging details
16:05:04.690 [main] INFO  testCases.TC_002_LoginTest - Clicked on Login button
16:05:05.058 [main] INFO  testCases.TC_002_LoginTest - **** Finished TC_002_LoginTest ****
16:06:19.556 [main] INFO  testCases.TC_001_AccountRegistrationTest - *** Starting TC_001_AccountRegistrationTest ***
16:06:19.636 [main] INFO  testCases.TC_001_AccountRegistrationTest - Clicked on My account link
16:06:20.138 [main] INFO  testCases.TC_001_AccountRegistrationTest - Clicked on registration link
16:06:22.032 [main] INFO  testCases.TC_001_AccountRegistrationTest - *** Finished TC_001_AccountRegistrationTest ***
16:06:24.508 [main] INFO  testCases.TC_002_LoginTest - **** Starting TC_002_LoginTest ****
16:06:24.554 [main] INFO  testCases.TC_002_LoginTest - Clicked on My Account
16:06:24.937 [main] INFO  testCases.TC_002_LoginTest - Clicked on Login link
16:06:24.938 [main] INFO  testCases.TC_002_LoginTest - Providing logging details
16:06:56.298 [main] INFO  testCases.TC_002_LoginTest - **** Starting TC_002_LoginTest ****
16:06:56.358 [main] INFO  testCases.TC_002_LoginTest - Clicked on My Account
16:06:56.652 [main] INFO  testCases.TC_002_LoginTest - Clicked on Login link
16:06:56.653 [main] INFO  testCases.TC_002_LoginTest - Providing logging details
16:07:17.919 [main] INFO  testCases.TC_002_LoginTest - **** Starting TC_002_LoginTest ****
16:07:17.985 [main] INFO  testCases.TC_002_LoginTest - Clicked on My Account
16:07:18.321 [main] INFO  testCases.TC_002_LoginTest - Clicked on Login link
16:07:18.322 [main] INFO  testCases.TC_002_LoginTest - Providing logging details
16:07:20.468 [main] INFO  testCases.TC_002_LoginTest - Clicked on Login button
16:07:20.903 [main] INFO  testCases.TC_002_LoginTest - **** Finished TC_002_LoginTest ****
16:08:13.845 [main] INFO  testCases.TC_001_AccountRegistrationTest - *** Starting TC_001_AccountRegistrationTest ***
16:08:13.915 [main] INFO  testCases.TC_001_AccountRegistrationTest - Clicked on My account link
16:08:14.273 [main] INFO  testCases.TC_001_AccountRegistrationTest - Clicked on registration link
16:08:15.970 [main] INFO  testCases.TC_001_AccountRegistrationTest - *** Finished TC_001_AccountRegistrationTest ***
16:08:18.176 [main] INFO  testCases.TC_002_LoginTest - **** Starting TC_002_LoginTest ****
16:08:18.221 [main] INFO  testCases.TC_002_LoginTest - Clicked on My Account
16:08:18.515 [main] INFO  testCases.TC_002_LoginTest - Clicked on Login link
16:08:18.516 [main] INFO  testCases.TC_002_LoginTest - Providing logging details
16:08:54.445 [main] INFO  testCases.TC_001_AccountRegistrationTest - *** Starting TC_001_AccountRegistrationTest ***
16:08:54.508 [main] INFO  testCases.TC_001_AccountRegistrationTest - Clicked on My account link
16:08:54.846 [main] INFO  testCases.TC_001_AccountRegistrationTest - Clicked on registration link
16:08:56.557 [main] INFO  testCases.TC_001_AccountRegistrationTest - *** Finished TC_001_AccountRegistrationTest ***
16:08:58.852 [main] INFO  testCases.TC_002_LoginTest - **** Starting TC_002_LoginTest ****
16:08:58.899 [main] INFO  testCases.TC_002_LoginTest - Clicked on My Account
16:08:59.199 [main] INFO  testCases.TC_002_LoginTest - Clicked on Login link
16:08:59.200 [main] INFO  testCases.TC_002_LoginTest - Providing logging details
16:09:27.488 [main] INFO  testCases.TC_002_LoginTest - **** Starting TC_002_LoginTest ****
16:09:27.547 [main] INFO  testCases.TC_002_LoginTest - Clicked on My Account
16:09:27.831 [main] INFO  testCases.TC_002_LoginTest - Clicked on Login link
16:09:27.832 [main] INFO  testCases.TC_002_LoginTest - Providing logging details
16:09:51.447 [main] INFO  testCases.TC_002_LoginTest - **** Starting TC_002_LoginTest ****
16:09:51.499 [main] INFO  testCases.TC_002_LoginTest - Clicked on My Account
16:09:51.813 [main] INFO  testCases.TC_002_LoginTest - Clicked on Login link
16:09:51.814 [main] INFO  testCases.TC_002_LoginTest - Providing logging details
16:09:53.972 [main] INFO  testCases.TC_002_LoginTest - Clicked on Login button
16:09:54.351 [main] INFO  testCases.TC_002_LoginTest - **** Finished TC_002_LoginTest ****
16:17:50.117 [main] INFO  testCases.TC_002_LoginTest - **** Starting TC_002_LoginTest ****
16:17:50.177 [main] INFO  testCases.TC_002_LoginTest - Clicked on My Account
16:17:50.475 [main] INFO  testCases.TC_002_LoginTest - Clicked on Login link
16:17:50.476 [main] INFO  testCases.TC_002_LoginTest - Providing logging details
16:17:52.631 [main] INFO  testCases.TC_002_LoginTest - Clicked on Login button
16:17:53.022 [main] INFO  testCases.TC_002_LoginTest - **** Finished TC_002_LoginTest ****
16:45:18.314 [main] INFO  testCases.TC_001_AccountRegistrationTest - *** Starting TC_001_AccountRegistrationTest ***
16:45:18.388 [main] INFO  testCases.TC_001_AccountRegistrationTest - Clicked on My account link
16:45:18.851 [main] INFO  testCases.TC_001_AccountRegistrationTest - Clicked on registration link
16:45:20.673 [main] INFO  testCases.TC_001_AccountRegistrationTest - *** Finished TC_001_AccountRegistrationTest ***
16:45:22.960 [main] INFO  testCases.TC_002_LoginTest - **** Starting TC_002_LoginTest ****
16:45:23.002 [main] INFO  testCases.TC_002_LoginTest - Clicked on My Account
16:45:23.341 [main] INFO  testCases.TC_002_LoginTest - Clicked on Login link
16:45:23.347 [main] INFO  testCases.TC_002_LoginTest - Providing logging details
16:45:25.495 [main] INFO  testCases.TC_002_LoginTest - Clicked on Login button
16:45:25.919 [main] INFO  testCases.TC_002_LoginTest - **** Finished TC_002_LoginTest ****
16:48:37.415 [main] INFO  testCases.TC_002_LoginTest - **** Starting TC_002_LoginTest ****
16:48:37.496 [main] INFO  testCases.TC_002_LoginTest - Clicked on My Account
16:48:37.905 [main] INFO  testCases.TC_002_LoginTest - Clicked on Login link
16:48:37.912 [main] INFO  testCases.TC_002_LoginTest - Providing logging details
16:48:40.113 [main] INFO  testCases.TC_002_LoginTest - Clicked on Login button
16:48:40.519 [main] INFO  testCases.TC_002_LoginTest - **** Finished TC_002_LoginTest ****
16:49:02.738 [main] INFO  testCases.TC_001_AccountRegistrationTest - *** Starting TC_001_AccountRegistrationTest ***
16:49:02.837 [main] INFO  testCases.TC_001_AccountRegistrationTest - Clicked on My account link
16:49:03.198 [main] INFO  testCases.TC_001_AccountRegistrationTest - Clicked on registration link
16:49:04.910 [main] INFO  testCases.TC_001_AccountRegistrationTest - *** Finished TC_001_AccountRegistrationTest ***
16:49:07.248 [main] INFO  testCases.TC_002_LoginTest - **** Starting TC_002_LoginTest ****
16:49:07.293 [main] INFO  testCases.TC_002_LoginTest - Clicked on My Account
16:49:07.338 [main] INFO  testCases.TC_002_LoginTest - Clicked on Login link
16:49:07.340 [main] INFO  testCases.TC_002_LoginTest - Providing logging details
16:49:42.585 [main] INFO  testCases.TC_002_LoginTest - **** Starting TC_002_LoginTest ****
16:49:42.647 [main] INFO  testCases.TC_002_LoginTest - Clicked on My Account
16:49:42.926 [main] INFO  testCases.TC_002_LoginTest - Clicked on Login link
16:49:42.927 [main] INFO  testCases.TC_002_LoginTest - Providing logging details
16:49:45.075 [main] INFO  testCases.TC_002_LoginTest - Clicked on Login button
16:49:45.461 [main] INFO  testCases.TC_002_LoginTest - **** Finished TC_002_LoginTest ****
16:50:09.068 [main] INFO  testCases.TC_002_LoginTest - **** Starting TC_002_LoginTest ****
16:50:09.140 [main] INFO  testCases.TC_002_LoginTest - Clicked on My Account
16:50:09.418 [main] INFO  testCases.TC_002_LoginTest - Clicked on Login link
16:50:09.423 [main] INFO  testCases.TC_002_LoginTest - Providing logging details
16:50:11.568 [main] INFO  testCases.TC_002_LoginTest - Clicked on Login button
16:50:11.939 [main] INFO  testCases.TC_002_LoginTest - **** Finished TC_002_LoginTest ****
16:50:48.280 [main] INFO  testCases.TC_001_AccountRegistrationTest - *** Starting TC_001_AccountRegistrationTest ***
16:50:48.353 [main] INFO  testCases.TC_001_AccountRegistrationTest - Clicked on My account link
16:50:48.765 [main] INFO  testCases.TC_001_AccountRegistrationTest - Clicked on registration link
16:50:50.593 [main] INFO  testCases.TC_001_AccountRegistrationTest - *** Finished TC_001_AccountRegistrationTest ***
16:50:52.836 [main] INFO  testCases.TC_002_LoginTest - **** Starting TC_002_LoginTest ****
16:50:52.877 [main] INFO  testCases.TC_002_LoginTest - Clicked on My Account
16:50:53.217 [main] INFO  testCases.TC_002_LoginTest - Clicked on Login link
16:50:53.223 [main] INFO  testCases.TC_002_LoginTest - Providing logging details
16:50:55.353 [main] INFO  testCases.TC_002_LoginTest - Clicked on Login button
16:50:55.785 [main] INFO  testCases.TC_002_LoginTest - **** Finished TC_002_LoginTest ****
16:55:27.326 [main] INFO  testCases.TC_001_AccountRegistrationTest - *** Starting TC_001_AccountRegistrationTest ***
16:55:27.404 [main] INFO  testCases.TC_001_AccountRegistrationTest - Clicked on My account link
16:55:27.820 [main] INFO  testCases.TC_001_AccountRegistrationTest - Clicked on registration link
16:55:29.597 [main] INFO  testCases.TC_001_AccountRegistrationTest - *** Finished TC_001_AccountRegistrationTest ***
16:55:32.051 [main] INFO  testCases.TC_002_LoginTest - **** Starting TC_002_LoginTest ****
16:55:32.099 [main] INFO  testCases.TC_002_LoginTest - Clicked on My Account
16:55:32.422 [main] INFO  testCases.TC_002_LoginTest - Clicked on Login link
16:55:32.425 [main] INFO  testCases.TC_002_LoginTest - Providing logging details
16:55:34.581 [main] INFO  testCases.TC_002_LoginTest - Clicked on Login button
16:55:35.012 [main] INFO  testCases.TC_002_LoginTest - **** Finished TC_002_LoginTest ****
17:00:40.047 [main] INFO  testCases.TC_001_AccountRegistrationTest - *** Starting TC_001_AccountRegistrationTest ***
17:00:40.120 [main] INFO  testCases.TC_001_AccountRegistrationTest - Clicked on My account link
17:00:40.492 [main] INFO  testCases.TC_001_AccountRegistrationTest - Clicked on registration link
17:00:42.278 [main] INFO  testCases.TC_001_AccountRegistrationTest - *** Finished TC_001_AccountRegistrationTest ***
17:00:44.649 [main] INFO  testCases.TC_002_LoginTest - **** Starting TC_002_LoginTest ****
17:00:44.693 [main] INFO  testCases.TC_002_LoginTest - Clicked on My Account
17:00:45.017 [main] INFO  testCases.TC_002_LoginTest - Clicked on Login link
17:00:45.019 [main] INFO  testCases.TC_002_LoginTest - Providing logging details
17:00:47.158 [main] INFO  testCases.TC_002_LoginTest - Clicked on Login button
17:00:47.541 [main] INFO  testCases.TC_002_LoginTest - **** Finished TC_002_LoginTest ****
17:01:12.421 [main] INFO  testCases.TC_001_AccountRegistrationTest - *** Starting TC_001_AccountRegistrationTest ***
17:01:12.479 [main] INFO  testCases.TC_001_AccountRegistrationTest - Clicked on My account link
17:01:22.556 [main] ERROR testCases.TC_001_AccountRegistrationTest - test failed
17:01:25.131 [main] INFO  testCases.TC_002_LoginTest - **** Starting TC_002_LoginTest ****
17:01:25.183 [main] INFO  testCases.TC_002_LoginTest - Clicked on My Account
17:01:25.530 [main] INFO  testCases.TC_002_LoginTest - Clicked on Login link
17:01:25.532 [main] INFO  testCases.TC_002_LoginTest - Providing logging details
17:01:27.697 [main] INFO  testCases.TC_002_LoginTest - Clicked on Login button
17:01:28.125 [main] INFO  testCases.TC_002_LoginTest - **** Finished TC_002_LoginTest ****
